[
    {
        "remote_name": "shinmgmg",
        "remote_user": "shinmgmg",
        "remote_home": "/Users/shinmgmg",
        "remote_port": "51077",
        "remote_ip": "::1",
        "client_ip": null,
        "document_root": "/Users/ethereal/randomly",
        "timestamp": 1552666670,
        "method": "GET",
        "host": "localhost",
        "port": "8080",
        "logs": [
            {
                "included": {
                    "total": 4,
                    "log": [
                        "/Users/ethereal/randomly/server.php",
                        "/Users/ethereal/randomly/build/dev/debugs.php",
                        "/Users/ethereal/randomly/public/index.php",
                        "/Users/ethereal/randomly/app/autoload.php"
                    ]
                }
            },
            {
                "contents": {
                    "total": 1,
                    "log": [
                        {
                            "file": "/Users/ethereal/randomly/server.php",
                            "line": 18,
                            "function": "trace_logs",
                            "args": []
                        }
                    ]
                }
            }
        ]
    },
    {
        "remote_name": "shinmgmg",
        "remote_user": "shinmgmg",
        "remote_home": "/Users/shinmgmg",
        "remote_port": "51447",
        "remote_ip": "::1",
        "client_ip": null,
        "document_root": "/Users/ethereal/randomly",
        "timestamp": 1552666760,
        "method": "GET",
        "host": "localhost",
        "port": "8080",
        "logs": [
            {
                "included": {
                    "total": 4,
                    "log": [
                        "/Users/ethereal/randomly/server.php",
                        "/Users/ethereal/randomly/build/dev/debugs.php",
                        "/Users/ethereal/randomly/public/index.php",
                        "/Users/ethereal/randomly/app/autoload.php"
                    ]
                }
            },
            {
                "contents": {
                    "total": 1,
                    "log": [
                        {
                            "file": "/Users/ethereal/randomly/server.php",
                            "line": 20,
                            "function": "trace_logs",
                            "args": [
                                0
                            ]
                        }
                    ]
                }
            }
        ]
    }
]